1587918601
SCRIPT-START-TIME: Sun Apr 26 22:00:01 IST 2020
TOTAL-RECURSIVE-POLLER-RUNTIME = 0 seconds
SCRIPT-END-TIME: Sun Apr 26 22:00:01 IST 2020
1587918722
SCRIPT-START-TIME: Sun Apr 26 22:02:02 IST 2020
TOTAL-RECURSIVE-POLLER-RUNTIME = 0 seconds
SCRIPT-END-TIME: Sun Apr 26 22:02:02 IST 2020
1587918846
SCRIPT-START-TIME: Sun Apr 26 22:04:08 IST 2020
TOTAL-RECURSIVE-POLLER-RUNTIME = 11 seconds
SCRIPT-END-TIME: Sun Apr 26 22:04:17 IST 2020
1587918961
SCRIPT-START-TIME: Sun Apr 26 22:06:01 IST 2020
TOTAL-RECURSIVE-POLLER-RUNTIME = 18 seconds
SCRIPT-END-TIME: Sun Apr 26 22:06:19 IST 2020
1587919081
SCRIPT-START-TIME: Sun Apr 26 22:08:01 IST 2020
TOTAL-RECURSIVE-POLLER-RUNTIME = 3 seconds
SCRIPT-END-TIME: Sun Apr 26 22:08:04 IST 2020
1587919202
SCRIPT-START-TIME: Sun Apr 26 22:10:02 IST 2020
TOTAL-RECURSIVE-POLLER-RUNTIME = 0 seconds
SCRIPT-END-TIME: Sun Apr 26 22:10:02 IST 2020
1587919323
SCRIPT-START-TIME: Sun Apr 26 22:12:04 IST 2020
TOTAL-RECURSIVE-POLLER-RUNTIME = 26 seconds
SCRIPT-END-TIME: Sun Apr 26 22:12:29 IST 2020
1587919447
SCRIPT-START-TIME: Sun Apr 26 22:14:07 IST 2020
TOTAL-RECURSIVE-POLLER-RUNTIME = 1 seconds
SCRIPT-END-TIME: Sun Apr 26 22:14:08 IST 2020
1587919561
SCRIPT-START-TIME: Sun Apr 26 22:16:01 IST 2020
TOTAL-RECURSIVE-POLLER-RUNTIME = 0 seconds
SCRIPT-END-TIME: Sun Apr 26 22:16:01 IST 2020
1587919681
SCRIPT-START-TIME: Sun Apr 26 22:18:01 IST 2020
TOTAL-RECURSIVE-POLLER-RUNTIME = 1 seconds
SCRIPT-END-TIME: Sun Apr 26 22:18:02 IST 2020
1587919801
SCRIPT-START-TIME: Sun Apr 26 22:20:01 IST 2020
TOTAL-RECURSIVE-POLLER-RUNTIME = 1 seconds
SCRIPT-END-TIME: Sun Apr 26 22:20:02 IST 2020
1587919921
SCRIPT-START-TIME: Sun Apr 26 22:22:01 IST 2020
TOTAL-RECURSIVE-POLLER-RUNTIME = 2 seconds
SCRIPT-END-TIME: Sun Apr 26 22:22:03 IST 2020
1587920041
SCRIPT-START-TIME: Sun Apr 26 22:24:01 IST 2020
TOTAL-RECURSIVE-POLLER-RUNTIME = 1 seconds
SCRIPT-END-TIME: Sun Apr 26 22:24:02 IST 2020
1587920161
SCRIPT-START-TIME: Sun Apr 26 22:26:01 IST 2020
TOTAL-RECURSIVE-POLLER-RUNTIME = 2 seconds
SCRIPT-END-TIME: Sun Apr 26 22:26:03 IST 2020
1587920281
SCRIPT-START-TIME: Sun Apr 26 22:28:01 IST 2020
TOTAL-RECURSIVE-POLLER-RUNTIME = 2 seconds
SCRIPT-END-TIME: Sun Apr 26 22:28:03 IST 2020
1587920401
SCRIPT-START-TIME: Sun Apr 26 22:30:01 IST 2020
TOTAL-RECURSIVE-POLLER-RUNTIME = 1 seconds
SCRIPT-END-TIME: Sun Apr 26 22:30:02 IST 2020
1587920522
SCRIPT-START-TIME: Sun Apr 26 22:32:02 IST 2020
TOTAL-RECURSIVE-POLLER-RUNTIME = 0 seconds
SCRIPT-END-TIME: Sun Apr 26 22:32:02 IST 2020
1587920643
SCRIPT-START-TIME: Sun Apr 26 22:34:03 IST 2020
TOTAL-RECURSIVE-POLLER-RUNTIME = 1 seconds
SCRIPT-END-TIME: Sun Apr 26 22:34:04 IST 2020
1587920761
SCRIPT-START-TIME: Sun Apr 26 22:36:01 IST 2020
TOTAL-RECURSIVE-POLLER-RUNTIME = 1 seconds
SCRIPT-END-TIME: Sun Apr 26 22:36:02 IST 2020
1587920881
SCRIPT-START-TIME: Sun Apr 26 22:38:01 IST 2020
TOTAL-RECURSIVE-POLLER-RUNTIME = 2 seconds
SCRIPT-END-TIME: Sun Apr 26 22:38:03 IST 2020
1587921001
SCRIPT-START-TIME: Sun Apr 26 22:40:01 IST 2020
TOTAL-RECURSIVE-POLLER-RUNTIME = 1 seconds
SCRIPT-END-TIME: Sun Apr 26 22:40:02 IST 2020
1587921121
SCRIPT-START-TIME: Sun Apr 26 22:42:01 IST 2020
TOTAL-RECURSIVE-POLLER-RUNTIME = 0 seconds
SCRIPT-END-TIME: Sun Apr 26 22:42:01 IST 2020
1587921242
SCRIPT-START-TIME: Sun Apr 26 22:44:02 IST 2020
TOTAL-RECURSIVE-POLLER-RUNTIME = 0 seconds
SCRIPT-END-TIME: Sun Apr 26 22:44:02 IST 2020
1587921361
SCRIPT-START-TIME: Sun Apr 26 22:46:01 IST 2020
TOTAL-RECURSIVE-POLLER-RUNTIME = 1 seconds
SCRIPT-END-TIME: Sun Apr 26 22:46:02 IST 2020
1587921481
SCRIPT-START-TIME: Sun Apr 26 22:48:01 IST 2020
TOTAL-RECURSIVE-POLLER-RUNTIME = 1 seconds
SCRIPT-END-TIME: Sun Apr 26 22:48:02 IST 2020
1587921601
SCRIPT-START-TIME: Sun Apr 26 22:50:01 IST 2020
TOTAL-RECURSIVE-POLLER-RUNTIME = 1 seconds
SCRIPT-END-TIME: Sun Apr 26 22:50:02 IST 2020
1587921721
SCRIPT-START-TIME: Sun Apr 26 22:52:01 IST 2020
TOTAL-RECURSIVE-POLLER-RUNTIME = 1 seconds
SCRIPT-END-TIME: Sun Apr 26 22:52:02 IST 2020
1587921841
SCRIPT-START-TIME: Sun Apr 26 22:54:01 IST 2020
TOTAL-RECURSIVE-POLLER-RUNTIME = 0 seconds
SCRIPT-END-TIME: Sun Apr 26 22:54:01 IST 2020
1587921961
SCRIPT-START-TIME: Sun Apr 26 22:56:01 IST 2020
TOTAL-RECURSIVE-POLLER-RUNTIME = 2 seconds
SCRIPT-END-TIME: Sun Apr 26 22:56:03 IST 2020
1587922081
SCRIPT-START-TIME: Sun Apr 26 22:58:01 IST 2020
TOTAL-RECURSIVE-POLLER-RUNTIME = 0 seconds
SCRIPT-END-TIME: Sun Apr 26 22:58:01 IST 2020
1587922201
SCRIPT-START-TIME: Sun Apr 26 23:00:01 IST 2020
TOTAL-RECURSIVE-POLLER-RUNTIME = 1 seconds
SCRIPT-END-TIME: Sun Apr 26 23:00:02 IST 2020
1587922321
SCRIPT-START-TIME: Sun Apr 26 23:02:01 IST 2020
TOTAL-RECURSIVE-POLLER-RUNTIME = 1 seconds
SCRIPT-END-TIME: Sun Apr 26 23:02:02 IST 2020
1587922441
SCRIPT-START-TIME: Sun Apr 26 23:04:01 IST 2020
TOTAL-RECURSIVE-POLLER-RUNTIME = 2 seconds
SCRIPT-END-TIME: Sun Apr 26 23:04:03 IST 2020
1587922561
SCRIPT-START-TIME: Sun Apr 26 23:06:01 IST 2020
TOTAL-RECURSIVE-POLLER-RUNTIME = 2 seconds
SCRIPT-END-TIME: Sun Apr 26 23:06:03 IST 2020
1587922681
SCRIPT-START-TIME: Sun Apr 26 23:08:01 IST 2020
TOTAL-RECURSIVE-POLLER-RUNTIME = 1 seconds
SCRIPT-END-TIME: Sun Apr 26 23:08:02 IST 2020
1587922801
SCRIPT-START-TIME: Sun Apr 26 23:10:01 IST 2020
TOTAL-RECURSIVE-POLLER-RUNTIME = 2 seconds
SCRIPT-END-TIME: Sun Apr 26 23:10:03 IST 2020
1587922921
SCRIPT-START-TIME: Sun Apr 26 23:12:01 IST 2020
TOTAL-RECURSIVE-POLLER-RUNTIME = 1 seconds
SCRIPT-END-TIME: Sun Apr 26 23:12:02 IST 2020
1587923041
SCRIPT-START-TIME: Sun Apr 26 23:14:01 IST 2020
TOTAL-RECURSIVE-POLLER-RUNTIME = 0 seconds
SCRIPT-END-TIME: Sun Apr 26 23:14:01 IST 2020
1587923161
SCRIPT-START-TIME: Sun Apr 26 23:16:01 IST 2020
TOTAL-RECURSIVE-POLLER-RUNTIME = 1 seconds
SCRIPT-END-TIME: Sun Apr 26 23:16:02 IST 2020
1587923281
SCRIPT-START-TIME: Sun Apr 26 23:18:01 IST 2020
TOTAL-RECURSIVE-POLLER-RUNTIME = 1 seconds
SCRIPT-END-TIME: Sun Apr 26 23:18:02 IST 2020
1587923401
SCRIPT-START-TIME: Sun Apr 26 23:20:01 IST 2020
TOTAL-RECURSIVE-POLLER-RUNTIME = 1 seconds
SCRIPT-END-TIME: Sun Apr 26 23:20:02 IST 2020
1587923521
SCRIPT-START-TIME: Sun Apr 26 23:22:01 IST 2020
TOTAL-RECURSIVE-POLLER-RUNTIME = 1 seconds
SCRIPT-END-TIME: Sun Apr 26 23:22:02 IST 2020
1587923641
SCRIPT-START-TIME: Sun Apr 26 23:24:01 IST 2020
TOTAL-RECURSIVE-POLLER-RUNTIME = 1 seconds
SCRIPT-END-TIME: Sun Apr 26 23:24:02 IST 2020
1587923763
SCRIPT-START-TIME: Sun Apr 26 23:26:03 IST 2020
TOTAL-RECURSIVE-POLLER-RUNTIME = 1 seconds
SCRIPT-END-TIME: Sun Apr 26 23:26:04 IST 2020
1587923881
SCRIPT-START-TIME: Sun Apr 26 23:28:01 IST 2020
TOTAL-RECURSIVE-POLLER-RUNTIME = 1 seconds
SCRIPT-END-TIME: Sun Apr 26 23:28:02 IST 2020
1587924001
SCRIPT-START-TIME: Sun Apr 26 23:30:01 IST 2020
TOTAL-RECURSIVE-POLLER-RUNTIME = 1 seconds
SCRIPT-END-TIME: Sun Apr 26 23:30:02 IST 2020
1587924122
SCRIPT-START-TIME: Sun Apr 26 23:32:02 IST 2020
TOTAL-RECURSIVE-POLLER-RUNTIME = 0 seconds
SCRIPT-END-TIME: Sun Apr 26 23:32:02 IST 2020
1587924241
SCRIPT-START-TIME: Sun Apr 26 23:34:01 IST 2020
TOTAL-RECURSIVE-POLLER-RUNTIME = 3 seconds
SCRIPT-END-TIME: Sun Apr 26 23:34:04 IST 2020
1587924361
SCRIPT-START-TIME: Sun Apr 26 23:36:01 IST 2020
TOTAL-RECURSIVE-POLLER-RUNTIME = 1 seconds
SCRIPT-END-TIME: Sun Apr 26 23:36:02 IST 2020
1587924481
SCRIPT-START-TIME: Sun Apr 26 23:38:01 IST 2020
TOTAL-RECURSIVE-POLLER-RUNTIME = 0 seconds
SCRIPT-END-TIME: Sun Apr 26 23:38:01 IST 2020
1587924602
SCRIPT-START-TIME: Sun Apr 26 23:40:02 IST 2020
TOTAL-RECURSIVE-POLLER-RUNTIME = 0 seconds
SCRIPT-END-TIME: Sun Apr 26 23:40:02 IST 2020
1587924721
SCRIPT-START-TIME: Sun Apr 26 23:42:01 IST 2020
TOTAL-RECURSIVE-POLLER-RUNTIME = 1 seconds
SCRIPT-END-TIME: Sun Apr 26 23:42:02 IST 2020
1587924841
SCRIPT-START-TIME: Sun Apr 26 23:44:01 IST 2020
TOTAL-RECURSIVE-POLLER-RUNTIME = 0 seconds
SCRIPT-END-TIME: Sun Apr 26 23:44:01 IST 2020
1587924961
SCRIPT-START-TIME: Sun Apr 26 23:46:01 IST 2020
TOTAL-RECURSIVE-POLLER-RUNTIME = 2 seconds
SCRIPT-END-TIME: Sun Apr 26 23:46:03 IST 2020
1587925081
SCRIPT-START-TIME: Sun Apr 26 23:48:01 IST 2020
TOTAL-RECURSIVE-POLLER-RUNTIME = 1 seconds
SCRIPT-END-TIME: Sun Apr 26 23:48:02 IST 2020
1587925201
SCRIPT-START-TIME: Sun Apr 26 23:50:01 IST 2020
TOTAL-RECURSIVE-POLLER-RUNTIME = 1 seconds
SCRIPT-END-TIME: Sun Apr 26 23:50:02 IST 2020
1587925321
SCRIPT-START-TIME: Sun Apr 26 23:52:01 IST 2020
TOTAL-RECURSIVE-POLLER-RUNTIME = 2 seconds
SCRIPT-END-TIME: Sun Apr 26 23:52:03 IST 2020
1587925441
SCRIPT-START-TIME: Sun Apr 26 23:54:01 IST 2020
TOTAL-RECURSIVE-POLLER-RUNTIME = 1 seconds
SCRIPT-END-TIME: Sun Apr 26 23:54:02 IST 2020
1587925561
SCRIPT-START-TIME: Sun Apr 26 23:56:01 IST 2020
TOTAL-RECURSIVE-POLLER-RUNTIME = 1 seconds
SCRIPT-END-TIME: Sun Apr 26 23:56:02 IST 2020
1587925681
SCRIPT-START-TIME: Sun Apr 26 23:58:01 IST 2020
TOTAL-RECURSIVE-POLLER-RUNTIME = 1 seconds
SCRIPT-END-TIME: Sun Apr 26 23:58:02 IST 2020
1587925801
SCRIPT-START-TIME: Mon Apr 27 00:00:01 IST 2020
TOTAL-RECURSIVE-POLLER-RUNTIME = 0 seconds
SCRIPT-END-TIME: Mon Apr 27 00:00:01 IST 2020
1587925921
SCRIPT-START-TIME: Mon Apr 27 00:02:01 IST 2020
TOTAL-RECURSIVE-POLLER-RUNTIME = 0 seconds
SCRIPT-END-TIME: Mon Apr 27 00:02:01 IST 2020
1587926041
SCRIPT-START-TIME: Mon Apr 27 00:04:01 IST 2020
TOTAL-RECURSIVE-POLLER-RUNTIME = 2 seconds
SCRIPT-END-TIME: Mon Apr 27 00:04:03 IST 2020
1587926161
SCRIPT-START-TIME: Mon Apr 27 00:06:01 IST 2020
TOTAL-RECURSIVE-POLLER-RUNTIME = 1 seconds
SCRIPT-END-TIME: Mon Apr 27 00:06:02 IST 2020
1587926281
SCRIPT-START-TIME: Mon Apr 27 00:08:01 IST 2020
TOTAL-RECURSIVE-POLLER-RUNTIME = 0 seconds
SCRIPT-END-TIME: Mon Apr 27 00:08:01 IST 2020
1587926401
SCRIPT-START-TIME: Mon Apr 27 00:10:01 IST 2020
TOTAL-RECURSIVE-POLLER-RUNTIME = 1 seconds
SCRIPT-END-TIME: Mon Apr 27 00:10:02 IST 2020
1587926525
SCRIPT-START-TIME: Mon Apr 27 00:12:05 IST 2020
TOTAL-RECURSIVE-POLLER-RUNTIME = 5 seconds
SCRIPT-END-TIME: Mon Apr 27 00:12:10 IST 2020
1587926641
SCRIPT-START-TIME: Mon Apr 27 00:14:01 IST 2020
TOTAL-RECURSIVE-POLLER-RUNTIME = 1 seconds
SCRIPT-END-TIME: Mon Apr 27 00:14:02 IST 2020
1587926761
SCRIPT-START-TIME: Mon Apr 27 00:16:01 IST 2020
TOTAL-RECURSIVE-POLLER-RUNTIME = 0 seconds
SCRIPT-END-TIME: Mon Apr 27 00:16:01 IST 2020
1587926881
SCRIPT-START-TIME: Mon Apr 27 00:18:01 IST 2020
TOTAL-RECURSIVE-POLLER-RUNTIME = 1 seconds
SCRIPT-END-TIME: Mon Apr 27 00:18:02 IST 2020
1587927001
SCRIPT-START-TIME: Mon Apr 27 00:20:01 IST 2020
TOTAL-RECURSIVE-POLLER-RUNTIME = 1 seconds
SCRIPT-END-TIME: Mon Apr 27 00:20:02 IST 2020
1587927122
SCRIPT-START-TIME: Mon Apr 27 00:22:02 IST 2020
TOTAL-RECURSIVE-POLLER-RUNTIME = 0 seconds
SCRIPT-END-TIME: Mon Apr 27 00:22:02 IST 2020
1587927241
SCRIPT-START-TIME: Mon Apr 27 00:24:01 IST 2020
TOTAL-RECURSIVE-POLLER-RUNTIME = 0 seconds
SCRIPT-END-TIME: Mon Apr 27 00:24:01 IST 2020
1587927361
SCRIPT-START-TIME: Mon Apr 27 00:26:01 IST 2020
TOTAL-RECURSIVE-POLLER-RUNTIME = 1 seconds
SCRIPT-END-TIME: Mon Apr 27 00:26:02 IST 2020
1587927481
SCRIPT-START-TIME: Mon Apr 27 00:28:01 IST 2020
TOTAL-RECURSIVE-POLLER-RUNTIME = 1 seconds
SCRIPT-END-TIME: Mon Apr 27 00:28:02 IST 2020
1587927601
SCRIPT-START-TIME: Mon Apr 27 00:30:01 IST 2020
TOTAL-RECURSIVE-POLLER-RUNTIME = 1 seconds
SCRIPT-END-TIME: Mon Apr 27 00:30:02 IST 2020
1587927722
SCRIPT-START-TIME: Mon Apr 27 00:32:02 IST 2020
TOTAL-RECURSIVE-POLLER-RUNTIME = 1 seconds
SCRIPT-END-TIME: Mon Apr 27 00:32:03 IST 2020
1587927842
SCRIPT-START-TIME: Mon Apr 27 00:34:02 IST 2020
TOTAL-RECURSIVE-POLLER-RUNTIME = 1 seconds
SCRIPT-END-TIME: Mon Apr 27 00:34:03 IST 2020
1587927961
SCRIPT-START-TIME: Mon Apr 27 00:36:01 IST 2020
TOTAL-RECURSIVE-POLLER-RUNTIME = 0 seconds
SCRIPT-END-TIME: Mon Apr 27 00:36:01 IST 2020
1587928081
SCRIPT-START-TIME: Mon Apr 27 00:38:01 IST 2020
TOTAL-RECURSIVE-POLLER-RUNTIME = 1 seconds
SCRIPT-END-TIME: Mon Apr 27 00:38:02 IST 2020
1587976089
SCRIPT-START-TIME: Mon Apr 27 13:58:10 IST 2020
lab,device=LAB2671,kpi=cpu value=2 1587976089
lab,device=LAB2671,kpi=mem value=19040716 1587976089
lab,device=LAB2671,kpi=temp value=1 1587976089
lab,device=LAB2671,kpi=pow value=1 1587976089
lab,device=LAB2671,kpi=cpu value=0 1587976089
lab,device=LAB2671,kpi=mem value=14684988 1587976089
lab,device=LAB2671,kpi=temp value=1 1587976089
lab,device=LAB2671,kpi=pow value=1 1587976089
lab,device=LAB2671,kpi=cpu value= 1587976089
lab,device=LAB2671,kpi=mem value= 1587976089
lab,device=LAB2671,kpi=temp value= 1587976089
lab,device=LAB2671,kpi=pow value= 1587976089
TOTAL-RECURSIVE-POLLER-RUNTIME = 57 seconds
SCRIPT-END-TIME: Mon Apr 27 13:59:06 IST 2020
1587976206
SCRIPT-START-TIME: Mon Apr 27 14:00:06 IST 2020
TOTAL-RECURSIVE-POLLER-RUNTIME = 9 seconds
SCRIPT-END-TIME: Mon Apr 27 14:00:15 IST 2020
1587976330
SCRIPT-START-TIME: Mon Apr 27 14:02:10 IST 2020
lab,device=LAB2671,kpi=cpu value= 1587976330
lab,device=LAB2671,kpi=mem value= 1587976330
lab,device=LAB2671,kpi=temp value= 1587976330
lab,device=LAB2671,kpi=pow value= 1587976330
lab,device=LAB2671,kpi=cpu value= 1587976330
lab,device=LAB2671,kpi=mem value= 1587976330
lab,device=LAB2671,kpi=temp value= 1587976330
lab,device=LAB2671,kpi=pow value= 1587976330
lab,device=LAB2671,kpi=cpu value=2 1587976330
lab,device=LAB2671,kpi=mem value=12771108 1587976330
lab,device=LAB2671,kpi=temp value=1 1587976330
lab,device=LAB2671,kpi=pow value=1 1587976330
TOTAL-RECURSIVE-POLLER-RUNTIME = 106 seconds
SCRIPT-END-TIME: Mon Apr 27 14:03:56 IST 2020
1587976461
SCRIPT-START-TIME: Mon Apr 27 14:04:21 IST 2020
lab,device=LAB2671,kpi=cpu value= 1587976461
lab,device=LAB2671,kpi=mem value= 1587976461
lab,device=LAB2671,kpi=temp value= 1587976461
lab,device=LAB2671,kpi=pow value= 1587976461
lab,device=LAB2671,kpi=cpu value= 1587976461
lab,device=LAB2671,kpi=mem value= 1587976461
lab,device=LAB2671,kpi=temp value= 1587976461
lab,device=LAB2671,kpi=pow value= 1587976461
lab,device=LAB2671,kpi=cpu value=1 1587976461
lab,device=LAB2671,kpi=mem value=12769968 1587976461
lab,device=LAB2671,kpi=temp value=1 1587976461
lab,device=LAB2671,kpi=pow value=1 1587976461
TOTAL-RECURSIVE-POLLER-RUNTIME = 116 seconds
SCRIPT-END-TIME: Mon Apr 27 14:06:17 IST 2020
1587976590
SCRIPT-START-TIME: Mon Apr 27 14:06:30 IST 2020
1587976687
SCRIPT-START-TIME: Mon Apr 27 14:08:07 IST 2020
1587976808
SCRIPT-START-TIME: Mon Apr 27 14:10:09 IST 2020
1587976932
SCRIPT-START-TIME: Mon Apr 27 14:12:13 IST 2020
1587977043
SCRIPT-START-TIME: Mon Apr 27 14:14:04 IST 2020
1587977163
SCRIPT-START-TIME: Mon Apr 27 14:16:03 IST 2020
TOTAL-RECURSIVE-POLLER-RUNTIME = 248 seconds
TOTAL-RECURSIVE-POLLER-RUNTIME = 137 seconds
TOTAL-RECURSIVE-POLLER-RUNTIME = 372 seconds
SCRIPT-END-TIME: Mon Apr 27 14:16:20 IST 2020
SCRIPT-END-TIME: Mon Apr 27 14:16:20 IST 2020
SCRIPT-END-TIME: Mon Apr 27 14:16:20 IST 2020
TOTAL-RECURSIVE-POLLER-RUNTIME = 493 seconds
SCRIPT-END-TIME: Mon Apr 27 14:16:20 IST 2020
TOTAL-RECURSIVE-POLLER-RUNTIME = 591 seconds
SCRIPT-END-TIME: Mon Apr 27 14:16:21 IST 2020
lab,device=LAB2671,kpi=cpu value= 1587977163
lab,device=LAB2671,kpi=mem value= 1587977163
lab,device=LAB2671,kpi=temp value= 1587977163
lab,device=LAB2671,kpi=pow value= 1587977163
lab,device=LAB2671,kpi=cpu value= 1587977163
lab,device=LAB2671,kpi=mem value= 1587977163
lab,device=LAB2671,kpi=temp value= 1587977163
lab,device=LAB2671,kpi=pow value= 1587977163
lab,device=LAB2671,kpi=cpu value=1 1587977163
lab,device=LAB2671,kpi=mem value=12769968 1587977163
lab,device=LAB2671,kpi=temp value=1 1587977163
lab,device=LAB2671,kpi=pow value=1 1587977163
TOTAL-RECURSIVE-POLLER-RUNTIME = 52 seconds
SCRIPT-END-TIME: Mon Apr 27 14:16:55 IST 2020
1587977281
SCRIPT-START-TIME: Mon Apr 27 14:18:01 IST 2020
lab,device=LAB2671,kpi=cpu value= 1587977281
lab,device=LAB2671,kpi=mem value= 1587977281
lab,device=LAB2671,kpi=temp value= 1587977281
lab,device=LAB2671,kpi=pow value= 1587977281
lab,device=LAB2671,kpi=cpu value= 1587977281
lab,device=LAB2671,kpi=mem value= 1587977281
lab,device=LAB2671,kpi=temp value= 1587977281
lab,device=LAB2671,kpi=pow value= 1587977281
lab,device=LAB2671,kpi=cpu value=1 1587977281
lab,device=LAB2671,kpi=mem value=12769956 1587977281
lab,device=LAB2671,kpi=temp value=1 1587977281
lab,device=LAB2671,kpi=pow value=1 1587977281
TOTAL-RECURSIVE-POLLER-RUNTIME = 55 seconds
SCRIPT-END-TIME: Mon Apr 27 14:18:56 IST 2020
1587977403
SCRIPT-START-TIME: Mon Apr 27 14:20:04 IST 2020
lab,device=LAB2671,kpi=cpu value= 1587977403
lab,device=LAB2671,kpi=mem value= 1587977403
lab,device=LAB2671,kpi=temp value= 1587977403
lab,device=LAB2671,kpi=pow value= 1587977403
lab,device=LAB2671,kpi=cpu value= 1587977403
lab,device=LAB2671,kpi=mem value= 1587977403
lab,device=LAB2671,kpi=temp value= 1587977403
lab,device=LAB2671,kpi=pow value= 1587977403
lab,device=LAB2671,kpi=cpu value=1 1587977403
lab,device=LAB2671,kpi=mem value=12769956 1587977403
lab,device=LAB2671,kpi=temp value=1 1587977403
lab,device=LAB2671,kpi=pow value=1 1587977403
TOTAL-RECURSIVE-POLLER-RUNTIME = 55 seconds
SCRIPT-END-TIME: Mon Apr 27 14:20:58 IST 2020
1587977521
SCRIPT-START-TIME: Mon Apr 27 14:22:01 IST 2020
lab,device=LAB2671,kpi=cpu value= 1587977521
lab,device=LAB2671,kpi=mem value= 1587977521
lab,device=LAB2671,kpi=temp value= 1587977521
lab,device=LAB2671,kpi=pow value= 1587977521
lab,device=LAB2671,kpi=cpu value= 1587977521
lab,device=LAB2671,kpi=mem value= 1587977521
lab,device=LAB2671,kpi=temp value= 1587977521
lab,device=LAB2671,kpi=pow value= 1587977521
lab,device=LAB2671,kpi=cpu value=1 1587977521
lab,device=LAB2671,kpi=mem value=12769956 1587977521
lab,device=LAB2671,kpi=temp value=1 1587977521
lab,device=LAB2671,kpi=pow value=1 1587977521
TOTAL-RECURSIVE-POLLER-RUNTIME = 49 seconds
SCRIPT-END-TIME: Mon Apr 27 14:22:50 IST 2020
1587977641
SCRIPT-START-TIME: Mon Apr 27 14:24:01 IST 2020
lab,device=LAB2671,kpi=cpu value= 1587977641
lab,device=LAB2671,kpi=mem value= 1587977641
lab,device=LAB2671,kpi=temp value= 1587977641
lab,device=LAB2671,kpi=pow value= 1587977641
lab,device=LAB2671,kpi=cpu value= 1587977641
lab,device=LAB2671,kpi=mem value= 1587977641
lab,device=LAB2671,kpi=temp value= 1587977641
lab,device=LAB2671,kpi=pow value= 1587977641
lab,device=LAB2671,kpi=cpu value=1 1587977641
lab,device=LAB2671,kpi=mem value=12769956 1587977641
lab,device=LAB2671,kpi=temp value=1 1587977641
lab,device=LAB2671,kpi=pow value=1 1587977641
TOTAL-RECURSIVE-POLLER-RUNTIME = 52 seconds
SCRIPT-END-TIME: Mon Apr 27 14:24:53 IST 2020
1587977761
SCRIPT-START-TIME: Mon Apr 27 14:26:01 IST 2020
lab,device=LAB2671,kpi=cpu value= 1587977761
lab,device=LAB2671,kpi=mem value= 1587977761
lab,device=LAB2671,kpi=temp value= 1587977761
lab,device=LAB2671,kpi=pow value= 1587977761
lab,device=LAB2671,kpi=cpu value= 1587977761
lab,device=LAB2671,kpi=mem value= 1587977761
lab,device=LAB2671,kpi=temp value= 1587977761
lab,device=LAB2671,kpi=pow value= 1587977761
lab,device=LAB2671,kpi=cpu value=1 1587977761
lab,device=LAB2671,kpi=mem value=12769956 1587977761
lab,device=LAB2671,kpi=temp value=1 1587977761
lab,device=LAB2671,kpi=pow value=1 1587977761
TOTAL-RECURSIVE-POLLER-RUNTIME = 49 seconds
SCRIPT-END-TIME: Mon Apr 27 14:26:50 IST 2020
1587977882
SCRIPT-START-TIME: Mon Apr 27 14:28:02 IST 2020
lab,device=LAB2671,kpi=cpu value= 1587977882
lab,device=LAB2671,kpi=mem value= 1587977882
lab,device=LAB2671,kpi=temp value= 1587977882
lab,device=LAB2671,kpi=pow value= 1587977882
lab,device=LAB2671,kpi=cpu value= 1587977882
lab,device=LAB2671,kpi=mem value= 1587977882
lab,device=LAB2671,kpi=temp value= 1587977882
lab,device=LAB2671,kpi=pow value= 1587977882
lab,device=LAB2671,kpi=cpu value=1 1587977882
lab,device=LAB2671,kpi=mem value=12769956 1587977882
lab,device=LAB2671,kpi=temp value=1 1587977882
lab,device=LAB2671,kpi=pow value=1 1587977882
TOTAL-RECURSIVE-POLLER-RUNTIME = 49 seconds
SCRIPT-END-TIME: Mon Apr 27 14:28:51 IST 2020
1587978005
SCRIPT-START-TIME: Mon Apr 27 14:30:05 IST 2020
lab,device=LAB2671,kpi=cpu value= 1587978005
lab,device=LAB2671,kpi=mem value= 1587978005
lab,device=LAB2671,kpi=temp value= 1587978005
lab,device=LAB2671,kpi=pow value= 1587978005
lab,device=LAB2671,kpi=cpu value= 1587978005
lab,device=LAB2671,kpi=mem value= 1587978005
lab,device=LAB2671,kpi=temp value= 1587978005
lab,device=LAB2671,kpi=pow value= 1587978005
lab,device=LAB2671,kpi=cpu value=1 1587978005
lab,device=LAB2671,kpi=mem value=12769956 1587978005
lab,device=LAB2671,kpi=temp value=1 1587978005
lab,device=LAB2671,kpi=pow value=1 1587978005
TOTAL-RECURSIVE-POLLER-RUNTIME = 51 seconds
SCRIPT-END-TIME: Mon Apr 27 14:30:56 IST 2020
1587978121
SCRIPT-START-TIME: Mon Apr 27 14:32:01 IST 2020
lab,device=LAB2671,kpi=cpu value= 1587978121
lab,device=LAB2671,kpi=mem value= 1587978121
lab,device=LAB2671,kpi=temp value= 1587978121
lab,device=LAB2671,kpi=pow value= 1587978121
lab,device=LAB2671,kpi=cpu value= 1587978121
lab,device=LAB2671,kpi=mem value= 1587978121
lab,device=LAB2671,kpi=temp value= 1587978121
lab,device=LAB2671,kpi=pow value= 1587978121
lab,device=LAB2671,kpi=cpu value=1 1587978121
lab,device=LAB2671,kpi=mem value=12769956 1587978121
lab,device=LAB2671,kpi=temp value=1 1587978121
lab,device=LAB2671,kpi=pow value=1 1587978121
TOTAL-RECURSIVE-POLLER-RUNTIME = 49 seconds
SCRIPT-END-TIME: Mon Apr 27 14:32:50 IST 2020
1587978241
SCRIPT-START-TIME: Mon Apr 27 14:34:01 IST 2020
lab,device=LAB2671,kpi=cpu value= 1587978241
lab,device=LAB2671,kpi=mem value= 1587978241
lab,device=LAB2671,kpi=temp value= 1587978241
lab,device=LAB2671,kpi=pow value= 1587978241
lab,device=LAB2671,kpi=cpu value= 1587978241
lab,device=LAB2671,kpi=mem value= 1587978241
lab,device=LAB2671,kpi=temp value= 1587978241
lab,device=LAB2671,kpi=pow value= 1587978241
lab,device=LAB2671,kpi=cpu value=0 1587978241
lab,device=LAB2671,kpi=mem value=12769956 1587978241
lab,device=LAB2671,kpi=temp value=1 1587978241
lab,device=LAB2671,kpi=pow value=1 1587978241
TOTAL-RECURSIVE-POLLER-RUNTIME = 49 seconds
SCRIPT-END-TIME: Mon Apr 27 14:34:50 IST 2020
1587978362
SCRIPT-START-TIME: Mon Apr 27 14:36:02 IST 2020
